<?xml version="1.0" encoding="UTF-8"?>
<!-- Generated by org.testng.reporters.JUnitReportReporter -->
<testsuite hostname="Safwans-MacBook-Air.local" failures="0" tests="1" name="com.zee.testcases.BankLogin" time="0.151" errors="0" timestamp="2023-08-15T02:28:54 IST" skipped="0">
  <testcase classname="com.zee.testcases.BankLogin" name="login" time="0.151"/>
  <system-out>
    <![CDATA[URl launch successfully
capturing screenshots
<a target="_blank" href="http://localhost:8000/error.png
">View Screenshot</a>
<br>
<a target="_blank" href="http://localhost:8000/error.png
"><img src="http://localhost:8000/error.png
" height=200 width = 200></img></a>]]>
  </system-out>
</testsuite> <!-- com.zee.testcases.BankLogin -->
